app/build/outputs/logs/manifest-merger-release-report.txt
-- Merging decision tree log ---
manifest
ADDED from src\main\AndroidManifest.xml:1:1-166:12
	package
		ADDED from src\main\AndroidManifest.xml:2:5-24
		INJECTED from src\main\AndroidManifest.xml
		INJECTED from src\main\AndroidManifest.xml
	android:versionName
		ADDED from src\main\AndroidManifest.xml:4:5-30
		INJECTED from src\main\AndroidManifest.xml
		INJECTED from src\main\AndroidManifest.xml
	android:versionCode
		ADDED from src\main\AndroidManifest.xml:3:5-28
		INJECTED from src\main\AndroidManifest.xml
		INJECTED from src\main\AndroidManifest.xml
	xmlns:android
		ADDED from src\main\AndroidManifest.xml:1:11-69
uses-sdk
ADDED from src\main\AndroidManifest.xml:6:5-8:41
	android:targetSdkVersion
		ADDED from src\main\AndroidManifest.xml:8:9-38
		INJECTED from src\main\AndroidManifest.xml
		INJECTED from src\main\AndroidManifest.xml
	android:minSdkVersion
		ADDED from src\main\AndroidManifest.xml:7:9-34
		INJECTED from src\main\AndroidManifest.xml
		INJECTED from src\main\AndroidManifest.xml
application
ADDED from src\main\AndroidManifest.xml:10:5-138:19
	android:label
		ADDED from src\main\AndroidManifest.xml:14:9-41
	android:allowBackup
		ADDED from src\main\AndroidManifest.xml:12:9-35
	android:icon
		ADDED from src\main\AndroidManifest.xml:13:9-45
	android:theme
		ADDED from src\main\AndroidManifest.xml:15:9-40
	android:name
		ADDED from src\main\AndroidManifest.xml:11:9-56
meta-data#UMENG_APPKEY
ADDED from src\main\AndroidManifest.xml:16:9-19:21
	android:value
		ADDED from src\main\AndroidManifest.xml:18:13-53
	android:name
		ADDED from src\main\AndroidManifest.xml:17:13-40
meta-data#UMENG_CHANNEL
ADDED from src\main\AndroidManifest.xml:20:9-22:42
	android:value
		ADDED from src\main\AndroidManifest.xml:22:13-39
	android:name
		ADDED from src\main\AndroidManifest.xml:21:13-41
activity#com.fy.activity.MainActivity
ADDED from src\main\AndroidManifest.xml:24:9-33:20
	android:label
		ADDED from src\main\AndroidManifest.xml:27:13-45
	android:configChanges
		ADDED from src\main\AndroidManifest.xml:26:13-85
	android:name
		ADDED from src\main\AndroidManifest.xml:25:13-56
intent-filter#android.intent.action.MAIN+android.intent.category.LAUNCHER
ADDED from src\main\AndroidManifest.xml:28:13-32:29
action#android.intent.action.MAIN
ADDED from src\main\AndroidManifest.xml:29:17-69
	android:name
		ADDED from src\main\AndroidManifest.xml:29:25-66
category#android.intent.category.LAUNCHER
ADDED from src\main\AndroidManifest.xml:31:17-77
	android:name
		ADDED from src\main\AndroidManifest.xml:31:27-74
activity#com.fy.activity.BookActivity
ADDED from src\main\AndroidManifest.xml:34:9-35:20
	android:name
		ADDED from src\main\AndroidManifest.xml:34:19-62
activity#com.fy.activity.BookContent
ADDED from src\main\AndroidManifest.xml:36:9-37:20
	android:name
		ADDED from src\main\AndroidManifest.xml:36:19-61
activity#com.fy.activity.BookTread
ADDED from src\main\AndroidManifest.xml:38:9-39:20
	android:name
		ADDED from src\main\AndroidManifest.xml:38:19-59
activity#com.fy.activity.ActiveActivity
ADDED from src\main\AndroidManifest.xml:40:9-41:20
	android:name
		ADDED from src\main\AndroidManifest.xml:40:19-64
activity#com.fy.activity.ActivityContent
ADDED from src\main\AndroidManifest.xml:42:9-43:20
	android:name
		ADDED from src\main\AndroidManifest.xml:42:19-65
activity#com.fy.activity.CultrueActivity
ADDED from src\main\AndroidManifest.xml:44:9-47:20
	android:hardwareAccelerated
		ADDED from src\main\AndroidManifest.xml:46:13-47
	android:name
		ADDED from src\main\AndroidManifest.xml:45:13-59
activity#com.fy.activity.WebActivity
ADDED from src\main\AndroidManifest.xml:48:9-51:20
	android:hardwareAccelerated
		ADDED from src\main\AndroidManifest.xml:50:13-47
	android:name
		ADDED from src\main\AndroidManifest.xml:49:13-55
activity#com.fy.activity.VideoActivity
ADDED from src\main\AndroidManifest.xml:52:9-53:20
	android:name
		ADDED from src\main\AndroidManifest.xml:52:19-63
activity#com.fy.activity.VideoContent
ADDED from src\main\AndroidManifest.xml:54:9-55:20
	android:name
		ADDED from src\main\AndroidManifest.xml:54:19-62
activity#com.fy.activity.VideoContent2
ADDED from src\main\AndroidManifest.xml:56:9-57:20
	android:name
		ADDED from src\main\AndroidManifest.xml:56:19-63
activity#com.fy.activity.VideoWeb
ADDED from src\main\AndroidManifest.xml:58:9-59:20
	android:name
		ADDED from src\main\AndroidManifest.xml:58:19-58
activity#com.fy.activity.VideoWeb2
ADDED from src\main\AndroidManifest.xml:60:9-61:20
	android:name
		ADDED from src\main\AndroidManifest.xml:60:19-59
activity#com.fy.activity.WorkActivity
ADDED from src\main\AndroidManifest.xml:62:9-63:20
	android:name
		ADDED from src\main\AndroidManifest.xml:62:19-62
activity#com.fy.activity.WorkContent
ADDED from src\main\AndroidManifest.xml:64:9-65:20
	android:name
		ADDED from src\main\AndroidManifest.xml:64:19-61
activity#com.fy.activity.MapActivity
ADDED from src\main\AndroidManifest.xml:66:9-67:20
	android:name
		ADDED from src\main\AndroidManifest.xml:66:19-61
activity#com.fy.activity.MapContent
ADDED from src\main\AndroidManifest.xml:68:9-69:20
	android:name
		ADDED from src\main\AndroidManifest.xml:68:19-60
activity#com.fy.activity.KCBActivity
ADDED from src\main\AndroidManifest.xml:70:9-71:20
	android:name
		ADDED from src\main\AndroidManifest.xml:70:19-61
activity#com.fy.activity.KCBListActivity
ADDED from src\main\AndroidManifest.xml:72:9-73:20
	android:name
		ADDED from src\main\AndroidManifest.xml:72:19-65
activity#com.fy.activity.GuoXueActivity
ADDED from src\main\AndroidManifest.xml:74:9-75:20
	android:name
		ADDED from src\main\AndroidManifest.xml:74:19-64
activity#com.fy.activity.MsgActivity
ADDED from src\main\AndroidManifest.xml:76:9-79:20
	android:hardwareAccelerated
		ADDED from src\main\AndroidManifest.xml:78:13-47
	android:name
		ADDED from src\main\AndroidManifest.xml:77:13-55
activity#com.fy.activity.TestActivity
ADDED from src\main\AndroidManifest.xml:80:9-83:20
	android:hardwareAccelerated
		ADDED from src\main\AndroidManifest.xml:82:13-47
	android:name
		ADDED from src\main\AndroidManifest.xml:81:13-56
activity#com.fy.activity.MsgSupActivity
ADDED from src\main\AndroidManifest.xml:84:9-85:20
	android:name
		ADDED from src\main\AndroidManifest.xml:84:19-64
activity#com.fy.activity.DepartmentActivity
ADDED from src\main\AndroidManifest.xml:86:9-87:20
	android:name
		ADDED from src\main\AndroidManifest.xml:86:19-68
activity#com.fy.activity.HelpActivity
ADDED from src\main\AndroidManifest.xml:88:9-89:20
	android:name
		ADDED from src\main\AndroidManifest.xml:88:19-62
activity#com.fy.activity.DepartmentContent
ADDED from src\main\AndroidManifest.xml:90:9-93:20
	android:hardwareAccelerated
		ADDED from src\main\AndroidManifest.xml:92:13-47
	android:name
		ADDED from src\main\AndroidManifest.xml:91:13-61
receiver#com.fy.service.OpenReceiver
ADDED from src\main\AndroidManifest.xml:95:9-99:20
	android:name
		ADDED from src\main\AndroidManifest.xml:95:19-61
intent-filter#com.fy.Open
ADDED from src\main\AndroidManifest.xml:96:13-98:29
action#com.fy.Open
ADDED from src\main\AndroidManifest.xml:97:17-54
	android:name
		ADDED from src\main\AndroidManifest.xml:97:25-51
receiver#com.fy.activity.MainActivity$exitReceiver
ADDED from src\main\AndroidManifest.xml:100:9-104:20
	android:name
		ADDED from src\main\AndroidManifest.xml:100:19-75
intent-filter#com.fy.exit
ADDED from src\main\AndroidManifest.xml:101:13-103:29
action#com.fy.exit
ADDED from src\main\AndroidManifest.xml:102:17-54
	android:name
		ADDED from src\main\AndroidManifest.xml:102:25-51
receiver#com.fy.activity.MainActivity$WeatherReceiver
ADDED from src\main\AndroidManifest.xml:105:9-110:20
	android:name
		ADDED from src\main\AndroidManifest.xml:105:19-78
intent-filter#com.get.weather
ADDED from src\main\AndroidManifest.xml:106:13-109:29
action#com.get.weather
ADDED from src\main\AndroidManifest.xml:107:17-108:26
	android:name
		ADDED from src\main\AndroidManifest.xml:107:25-55
receiver#com.fy.activity.MsgActivity$CloseMSGReceiver
ADDED from src\main\AndroidManifest.xml:111:9-116:20
	android:name
		ADDED from src\main\AndroidManifest.xml:111:19-78
intent-filter#com.fy.closefull
ADDED from src\main\AndroidManifest.xml:112:13-115:29
action#com.fy.closefull
ADDED from src\main\AndroidManifest.xml:113:17-114:26
	android:name
		ADDED from src\main\AndroidManifest.xml:113:25-56
receiver#com.fy.activity.MsgActivity$JinjiMSGReceiver
ADDED from src\main\AndroidManifest.xml:117:9-122:20
	android:name
		ADDED from src\main\AndroidManifest.xml:117:19-78
intent-filter#com.fy.jinji
ADDED from src\main\AndroidManifest.xml:118:13-121:29
action#com.fy.jinji
ADDED from src\main\AndroidManifest.xml:119:17-120:26
	android:name
		ADDED from src\main\AndroidManifest.xml:119:25-52
receiver#com.fy.tool.BootBroadcastReceiver
ADDED from src\main\AndroidManifest.xml:123:9-130:20
	android:name
		ADDED from src\main\AndroidManifest.xml:123:19-67
intent-filter#android.intent.action.BOOT_COMPLETED+android.intent.category.LAUNCHER
ADDED from src\main\AndroidManifest.xml:124:13-129:29
action#android.intent.action.BOOT_COMPLETED
ADDED from src\main\AndroidManifest.xml:125:17-126:26
	android:name
		ADDED from src\main\AndroidManifest.xml:125:25-76
service#com.fy.service.TimeService
ADDED from src\main\AndroidManifest.xml:132:9-133:19
	android:name
		ADDED from src\main\AndroidManifest.xml:132:18-59
service#com.fy.service.MsgService
ADDED from src\main\AndroidManifest.xml:134:9-135:19
	android:name
		ADDED from src\main\AndroidManifest.xml:134:18-58
service#com.fy.service.WeatherService
ADDED from src\main\AndroidManifest.xml:136:9-137:19
	android:name
		ADDED from src\main\AndroidManifest.xml:136:18-62
uses-permission#android.permission.STATUS_BAR
ADDED from src\main\AndroidManifest.xml:140:5-69
	android:name
		ADDED from src\main\AndroidManifest.xml:140:22-66
uses-permission#android.permission.EXPAND_STATUS_BAR
ADDED from src\main\AndroidManifest.xml:141:5-76
	android:name
		ADDED from src\main\AndroidManifest.xml:141:22-73
uses-permission#android.permission.WAKE_LOCK
ADDED from src\main\AndroidManifest.xml:142:5-68
	android:name
		ADDED from src\main\AndroidManifest.xml:142:22-65
uses-permission#android.permission.MOUNT_UNMOUNT_FILESYSTEMS
ADDED from src\main\AndroidManifest.xml:143:5-144:23
	android:name
		ADDED from src\main\AndroidManifest.xml:143:22-81
uses-permission#android.permission.READ_LOGS
ADDED from src\main\AndroidManifest.xml:145:5-146:23
	android:name
		ADDED from src\main\AndroidManifest.xml:145:22-65
uses-permission#android.permission.ACCESS_WIFI_STATE
ADDED from src\main\AndroidManifest.xml:147:5-76
	android:name
		ADDED from src\main\AndroidManifest.xml:147:22-73
uses-permission#android.permission.INTERNET
ADDED from src\main\AndroidManifest.xml:148:5-67
	android:name
		ADDED from src\main\AndroidManifest.xml:148:22-64
uses-permission#android.permission.READ_PHONE_STATE
ADDED from src\main\AndroidManifest.xml:149:5-75
	android:name
		ADDED from src\main\AndroidManifest.xml:149:22-72
uses-permission#android.permission.WRITE_EXTERNAL_STORAGE
ADDED from src\main\AndroidManifest.xml:151:5-81
	android:name
		ADDED from src\main\AndroidManifest.xml:151:22-78
uses-permission#android.permission.SYSTEM_ALERT_WINDOW
ADDED from src\main\AndroidManifest.xml:152:5-78
	android:name
		ADDED from src\main\AndroidManifest.xml:152:22-75
uses-permission#android.permission.INTERNAL_SYSTEM_WINDOW
ADDED from src\main\AndroidManifest.xml:153:5-81
	android:name
		ADDED from src\main\AndroidManifest.xml:153:22-78
uses-permission#android.permission.ACCESS_NETWORK_STATE
ADDED from src\main\AndroidManifest.xml:154:5-155:23
	android:name
		ADDED from src\main\AndroidManifest.xml:154:22-76
uses-permission#android.permission.GET_TASKS
ADDED from src\main\AndroidManifest.xml:158:5-159:23
	android:name
		ADDED from src\main\AndroidManifest.xml:158:22-65
uses-permission#android.permission.ACCESS_COARSE_LOCATION
ADDED from src\main\AndroidManifest.xml:160:5-161:23
	android:name
		ADDED from src\main\AndroidManifest.xml:160:22-78
uses-permission#android.permission.ACCESS_FINE_LOCATION
ADDED from src\main\AndroidManifest.xml:162:5-163:23
	android:name
		ADDED from src\main\AndroidManifest.xml:162:22-76
uses-permission#android.permission.RECEIVE_BOOT_COMPLETED
ADDED from src\main\AndroidManifest.xml:164:5-81
	android:name
		ADDED from src\main\AndroidManifest.xml:164:22-78